<?xml version="1.0" encoding="UTF-8"?>
<!-- Generated by org.testng.reporters.JUnitXMLReporter -->
<testsuite hostname="LAPTOP-BIDVEQPH" ignored="0" name="Default test" tests="4" failures="0" timestamp="08 Nov 2018 17:15:09 GMT" time="71.508" errors="0">
  <testcase name="verifyTitleMotor" time="0.044" classname="com.newebay.testcases.MotorTest"/>
  <testcase name="verifyLogoMotor" time="0.046" classname="com.newebay.testcases.MotorTest"/>
  <testcase name="verifyClickOnCar" time="0.241" classname="com.newebay.testcases.MotorTest"/>
  <testcase name="verifySelectYear" time="1.554" classname="com.newebay.testcases.MotorTest"/>
</testsuite> <!-- Default test -->
