<?xml version="1.0" encoding="UTF-8"?>
<!-- Generated by org.testng.reporters.JUnitXMLReporter -->
<testsuite hostname="LAPTOP-BIDVEQPH" ignored="0" name="Test" tests="4" failures="0" timestamp="07 Nov 2018 17:37:07 GMT" time="51.129" errors="0">
  <testcase name="verifyTitle" time="0.108" classname="com.newebay.testcases.LoginTest"/>
  <testcase name="verifyHomeTitle" time="0.096" classname="com.newebay.testcases.HomeTest"/>
  <testcase name="verifyTitleMotor" time="0.068" classname="com.newebay.testcases.MotorTest"/>
  <testcase name="verifyLogo" time="0.106" classname="com.newebay.testcases.LoginTest"/>
</testsuite> <!-- Test -->
