<?xml version="1.0" encoding="UTF-8"?>
<!-- Generated by org.testng.reporters.JUnitXMLReporter -->
<testsuite hostname="LAPTOP-BIDVEQPH" ignored="0" name="Command line test" tests="3" failures="0" timestamp="08 Nov 2018 18:53:37 GMT" time="56.152" errors="0">
  <testcase name="verifyHomeTitle" time="0.028" classname="com.newebay.testcases.HomeTest"/>
  <testcase name="verifyTitle" time="0.036" classname="com.newebay.testcases.LoginTest"/>
  <testcase name="verifyTitleMotor" time="0.02" classname="com.newebay.testcases.MotorTest"/>
</testsuite> <!-- Command line test -->
