<?xml version="1.0" encoding="UTF-8"?>
<testng-results skipped="0" failed="0" ignored="0" total="3" passed="3">
  <reporter-output>
  </reporter-output>
  <suite name="Command line suite" duration-ms="56152" started-at="2018-11-08T18:52:41Z" finished-at="2018-11-08T18:53:37Z">
    <groups>
    </groups>
    <test name="Command line test" duration-ms="56152" started-at="2018-11-08T18:52:41Z" finished-at="2018-11-08T18:53:37Z">
      <class name="com.newebay.testcases.MotorTest">
        <test-method status="PASS" signature="setUp()[pri:0, instance:com.newebay.testcases.MotorTest@1e67b872]" name="setUp" is-config="true" duration-ms="17790" started-at="2018-11-08T18:53:19Z" finished-at="2018-11-08T18:53:37Z">
          <reporter-output>
          </reporter-output>
        </test-method> <!-- setUp -->
        <test-method status="PASS" signature="verifyTitleMotor()[pri:1, instance:com.newebay.testcases.MotorTest@1e67b872]" name="verifyTitleMotor" duration-ms="20" started-at="2018-11-08T18:53:37Z" finished-at="2018-11-08T18:53:37Z">
          <reporter-output>
          </reporter-output>
        </test-method> <!-- verifyTitleMotor -->
        <test-method status="PASS" signature="tearDown()[pri:0, instance:com.newebay.testcases.MotorTest@1e67b872]" name="tearDown" is-config="true" duration-ms="240" started-at="2018-11-08T18:53:37Z" finished-at="2018-11-08T18:53:37Z">
          <reporter-output>
          </reporter-output>
        </test-method> <!-- tearDown -->
      </class> <!-- com.newebay.testcases.MotorTest -->
      <class name="com.newebay.testcases.LoginTest">
        <test-method status="PASS" signature="setUp()[pri:0, instance:com.newebay.testcases.LoginTest@5d624da6]" name="setUp" is-config="true" duration-ms="11231" started-at="2018-11-08T18:53:06Z" finished-at="2018-11-08T18:53:17Z">
          <reporter-output>
          </reporter-output>
        </test-method> <!-- setUp -->
        <test-method status="PASS" signature="verifyTitle()[pri:1, instance:com.newebay.testcases.LoginTest@5d624da6]" name="verifyTitle" duration-ms="36" started-at="2018-11-08T18:53:17Z" finished-at="2018-11-08T18:53:17Z">
          <reporter-output>
          </reporter-output>
        </test-method> <!-- verifyTitle -->
        <test-method status="PASS" signature="tearDown()[pri:0, instance:com.newebay.testcases.LoginTest@5d624da6]" name="tearDown" is-config="true" duration-ms="2367" started-at="2018-11-08T18:53:17Z" finished-at="2018-11-08T18:53:19Z">
          <reporter-output>
          </reporter-output>
        </test-method> <!-- tearDown -->
      </class> <!-- com.newebay.testcases.LoginTest -->
      <class name="com.newebay.testcases.HomeTest">
        <test-method status="PASS" signature="setUP()[pri:0, instance:com.newebay.testcases.HomeTest@2ef9b8bc]" name="setUP" is-config="true" duration-ms="22045" started-at="2018-11-08T18:52:41Z" finished-at="2018-11-08T18:53:03Z">
          <reporter-output>
          </reporter-output>
        </test-method> <!-- setUP -->
        <test-method status="PASS" signature="verifyHomeTitle()[pri:1, instance:com.newebay.testcases.HomeTest@2ef9b8bc]" name="verifyHomeTitle" duration-ms="28" started-at="2018-11-08T18:53:03Z" finished-at="2018-11-08T18:53:03Z">
          <reporter-output>
          </reporter-output>
        </test-method> <!-- verifyHomeTitle -->
        <test-method status="PASS" signature="tearDown()[pri:0, instance:com.newebay.testcases.HomeTest@2ef9b8bc]" name="tearDown" is-config="true" duration-ms="2361" started-at="2018-11-08T18:53:03Z" finished-at="2018-11-08T18:53:06Z">
          <reporter-output>
          </reporter-output>
        </test-method> <!-- tearDown -->
      </class> <!-- com.newebay.testcases.HomeTest -->
    </test> <!-- Command line test -->
  </suite> <!-- Command line suite -->
</testng-results>
