<?xml version="1.0" encoding="UTF-8"?>
<testng-results skipped="0" failed="0" ignored="0" total="4" passed="4">
  <reporter-output>
  </reporter-output>
  <suite name="Default suite" duration-ms="71508" started-at="2018-11-08T17:13:57Z" finished-at="2018-11-08T17:15:09Z">
    <groups>
    </groups>
    <test name="Default test" duration-ms="71508" started-at="2018-11-08T17:13:57Z" finished-at="2018-11-08T17:15:09Z">
      <class name="com.newebay.testcases.MotorTest">
        <test-method status="PASS" signature="setUp()[pri:0, instance:com.newebay.testcases.MotorTest@6e0e048a]" name="setUp" is-config="true" duration-ms="20651" started-at="2018-11-08T17:13:57Z" finished-at="2018-11-08T17:14:18Z">
          <reporter-output>
          </reporter-output>
        </test-method> <!-- setUp -->
        <test-method status="PASS" signature="verifyTitleMotor()[pri:1, instance:com.newebay.testcases.MotorTest@6e0e048a]" name="verifyTitleMotor" duration-ms="44" started-at="2018-11-08T17:14:18Z" finished-at="2018-11-08T17:14:18Z">
          <reporter-output>
          </reporter-output>
        </test-method> <!-- verifyTitleMotor -->
        <test-method status="PASS" signature="tearDown()[pri:0, instance:com.newebay.testcases.MotorTest@6e0e048a]" name="tearDown" is-config="true" duration-ms="201" started-at="2018-11-08T17:14:18Z" finished-at="2018-11-08T17:14:18Z">
          <reporter-output>
          </reporter-output>
        </test-method> <!-- tearDown -->
        <test-method status="PASS" signature="setUp()[pri:0, instance:com.newebay.testcases.MotorTest@6e0e048a]" name="setUp" is-config="true" duration-ms="13114" started-at="2018-11-08T17:14:18Z" finished-at="2018-11-08T17:14:31Z">
          <reporter-output>
          </reporter-output>
        </test-method> <!-- setUp -->
        <test-method status="PASS" signature="verifyLogoMotor()[pri:2, instance:com.newebay.testcases.MotorTest@6e0e048a]" name="verifyLogoMotor" duration-ms="46" started-at="2018-11-08T17:14:31Z" finished-at="2018-11-08T17:14:31Z">
          <reporter-output>
          </reporter-output>
        </test-method> <!-- verifyLogoMotor -->
        <test-method status="PASS" signature="tearDown()[pri:0, instance:com.newebay.testcases.MotorTest@6e0e048a]" name="tearDown" is-config="true" duration-ms="2349" started-at="2018-11-08T17:14:31Z" finished-at="2018-11-08T17:14:34Z">
          <reporter-output>
          </reporter-output>
        </test-method> <!-- tearDown -->
        <test-method status="PASS" signature="setUp()[pri:0, instance:com.newebay.testcases.MotorTest@6e0e048a]" name="setUp" is-config="true" duration-ms="12886" started-at="2018-11-08T17:14:34Z" finished-at="2018-11-08T17:14:46Z">
          <reporter-output>
          </reporter-output>
        </test-method> <!-- setUp -->
        <test-method status="PASS" signature="verifyClickOnCar()[pri:3, instance:com.newebay.testcases.MotorTest@6e0e048a]" name="verifyClickOnCar" duration-ms="241" started-at="2018-11-08T17:14:46Z" finished-at="2018-11-08T17:14:47Z">
          <reporter-output>
          </reporter-output>
        </test-method> <!-- verifyClickOnCar -->
        <test-method status="PASS" signature="tearDown()[pri:0, instance:com.newebay.testcases.MotorTest@6e0e048a]" name="tearDown" is-config="true" duration-ms="2349" started-at="2018-11-08T17:14:47Z" finished-at="2018-11-08T17:14:49Z">
          <reporter-output>
          </reporter-output>
        </test-method> <!-- tearDown -->
        <test-method status="PASS" signature="setUp()[pri:0, instance:com.newebay.testcases.MotorTest@6e0e048a]" name="setUp" is-config="true" duration-ms="15701" started-at="2018-11-08T17:14:49Z" finished-at="2018-11-08T17:15:05Z">
          <reporter-output>
          </reporter-output>
        </test-method> <!-- setUp -->
        <test-method status="PASS" signature="verifySelectYear()[pri:4, instance:com.newebay.testcases.MotorTest@6e0e048a]" name="verifySelectYear" duration-ms="1554" started-at="2018-11-08T17:15:05Z" finished-at="2018-11-08T17:15:06Z">
          <reporter-output>
          </reporter-output>
        </test-method> <!-- verifySelectYear -->
        <test-method status="PASS" signature="tearDown()[pri:0, instance:com.newebay.testcases.MotorTest@6e0e048a]" name="tearDown" is-config="true" duration-ms="2332" started-at="2018-11-08T17:15:06Z" finished-at="2018-11-08T17:15:09Z">
          <reporter-output>
          </reporter-output>
        </test-method> <!-- tearDown -->
      </class> <!-- com.newebay.testcases.MotorTest -->
    </test> <!-- Default test -->
  </suite> <!-- Default suite -->
</testng-results>
